{
  "RSpec": {
    "coverage": {
      "/Users/lucasdevelopment/turing/4module/news-time/app/helpers/application_helper.rb": [
        1,
        null
      ],
      "/Users/lucasdevelopment/turing/4module/news-time/app/models/user.rb": [
        1,
        1,
        null,
        null
      ],
      "/Users/lucasdevelopment/turing/4module/news-time/app/models/application_record.rb": [
        1,
        1,
        null
      ],
      "/Users/lucasdevelopment/turing/4module/news-time/app/controllers/welcome_controller.rb": [
        1,
        null,
        1,
        null,
        null,
        null,
        null
      ],
      "/Users/lucasdevelopment/turing/4module/news-time/app/controllers/application_controller.rb": [
        1,
        1,
        null
      ],
      "/Users/lucasdevelopment/turing/4module/news-time/app/mailers/application_mailer.rb": [
        0,
        0,
        0,
        0
      ],
      "/Users/lucasdevelopment/turing/4module/news-time/app/jobs/application_job.rb": [
        0,
        0
      ],
      "/Users/lucasdevelopment/turing/4module/news-time/app/channels/application_cable/connection.rb": [
        0,
        0,
        0,
        0
      ],
      "/Users/lucasdevelopment/turing/4module/news-time/app/channels/application_cable/channel.rb": [
        0,
        0,
        0,
        0
      ]
    },
    "timestamp": 1541108503
  }
}
