{
  "RSpec": {
    "coverage": {
      "/Users/lucasdevelopment/turing/4module/news-time/app/helpers/application_helper.rb": [
        1,
        null
      ],
      "/Users/lucasdevelopment/turing/4module/news-time/app/models/favorite.rb": [
        1,
        1,
        null,
        null,
        null,
        null,
        null,
        null,
        null,
        1,
        null
      ],
      "/Users/lucasdevelopment/turing/4module/news-time/app/models/application_record.rb": [
        1,
        1,
        null
      ],
      "/Users/lucasdevelopment/turing/4module/news-time/app/models/user.rb": [
        1,
        1,
        null,
        1,
        null
      ],
      "/Users/lucasdevelopment/turing/4module/news-time/app/poros/article.rb": [
        1,
        1,
        null,
        null,
        null,
        null,
        null,
        null,
        null,
        null,
        1,
        158,
        158,
        158,
        158,
        158,
        158,
        158,
        158,
        null,
        null
      ],
      "/Users/lucasdevelopment/turing/4module/news-time/app/services/news_article_service.rb": [
        1,
        null,
        1,
        9,
        9,
        9,
        157,
        157,
        157,
        157,
        157,
        157,
        157,
        157,
        157,
        157,
        157,
        null,
        9,
        null,
        null,
        1,
        null,
        1,
        9,
        null,
        null,
        1,
        9,
        null,
        null,
        1,
        9,
        null,
        null,
        null
      ],
      "/Users/lucasdevelopment/turing/4module/news-time/app/controllers/welcome_controller.rb": [
        1,
        null,
        1,
        null,
        null,
        null,
        null
      ],
      "/Users/lucasdevelopment/turing/4module/news-time/app/controllers/application_controller.rb": [
        1,
        1,
        1,
        null,
        1,
        1,
        13,
        null,
        null
      ],
      "/Users/lucasdevelopment/turing/4module/news-time/app/controllers/sessions_controller.rb": [
        1,
        null,
        1,
        3,
        3,
        3,
        3,
        null,
        null,
        1,
        1,
        1,
        null,
        null,
        null
      ],
      "/Users/lucasdevelopment/turing/4module/news-time/app/controllers/news_controller.rb": [
        1,
        null,
        1,
        8,
        1,
        7,
        1,
        6,
        1,
        null,
        5,
        null,
        8,
        3,
        null,
        5,
        null,
        null,
        null,
        null
      ],
      "/Users/lucasdevelopment/turing/4module/news-time/app/controllers/favorites_controller.rb": [
        1,
        null,
        1,
        1,
        1,
        1,
        1,
        1,
        null,
        0,
        0,
        null,
        null,
        null,
        null
      ]
    },
    "timestamp": 1541369638
  }
}
